TN:
SF:src/ERC165.sol
DA:7,1
FN:7,ERC165.supportsInterface
FNDA:1,ERC165.supportsInterface
DA:8,1
FNF:1
FNH:1
LF:2
LH:2
BRF:0
BRH:0
end_of_record
TN:
SF:src/Nifty.sol
DA:24,46
FN:24,Nifty.constructor
FNDA:46,Nifty.constructor
DA:25,46
DA:28,2
FN:28,Nifty.supportsInterface
FNDA:2,Nifty.supportsInterface
DA:29,2
DA:32,16
FN:32,Nifty.balanceOf
FNDA:16,Nifty.balanceOf
DA:33,16
DA:36,7
FN:36,Nifty.ownerOf
FNDA:7,Nifty.ownerOf
DA:37,7
DA:39,7
BRDA:39,0,0,2
BRDA:39,0,1,5
DA:41,5
DA:44,1
FN:44,Nifty.transferFrom
FNDA:1,Nifty.transferFrom
DA:45,1
DA:48,0
FN:48,Nifty.safeTransferFrom
FNDA:0,Nifty.safeTransferFrom
DA:49,12
DA:50,12
DA:51,12
DA:53,12
BRDA:53,1,0,4
BRDA:53,1,1,8
DA:55,8
DA:56,8
DA:57,8
DA:58,8
DA:60,8
DA:62,5
DA:65,12
FN:65,Nifty.safeTransferFrom
FNDA:12,Nifty.safeTransferFrom
DA:66,12
DA:69,8
FN:69,Nifty.approve
FNDA:8,Nifty.approve
DA:70,8
DA:72,8
BRDA:72,2,0,2
BRDA:72,2,1,6
DA:74,6
DA:75,6
DA:78,11
FN:78,Nifty.setApprovalForAll
FNDA:11,Nifty.setApprovalForAll
DA:79,11
DA:81,11
DA:84,6
FN:84,Nifty.getApproved
FNDA:6,Nifty.getApproved
DA:85,6
DA:86,6
BRDA:86,3,0,2
BRDA:86,3,1,4
DA:88,4
DA:91,5
FN:91,Nifty.isApprovedForAll
FNDA:5,Nifty.isApprovedForAll
DA:92,5
DA:95,96
FN:95,Nifty.mint
FNDA:96,Nifty.mint
DA:96,96
BRDA:96,4,0,1
BRDA:96,4,1,95
DA:97,95
BRDA:97,5,0,1
BRDA:97,5,1,94
DA:99,94
DA:101,94
DA:102,94
DA:104,94
DA:105,94
DA:107,94
DA:109,94
DA:111,91
DA:114,14
FN:114,Nifty.burn
FNDA:14,Nifty.burn
DA:115,14
DA:116,14
BRDA:116,6,0,1
BRDA:116,6,1,13
DA:117,13
BRDA:117,7,0,1
BRDA:117,7,1,12
DA:123,12
DA:124,12
DA:125,12
DA:126,12
DA:127,12
DA:128,12
DA:129,12
DA:131,12
DA:132,12
DA:133,12
DA:134,12
DA:135,12
DA:136,12
DA:138,12
DA:139,12
DA:142,6
FN:142,Nifty.totalSupply
FNDA:6,Nifty.totalSupply
DA:143,11
DA:146,5
FN:146,Nifty.tokenByIndex
FNDA:5,Nifty.tokenByIndex
DA:147,5
BRDA:147,8,0,2
BRDA:147,8,1,3
DA:149,3
DA:152,12
FN:152,Nifty.tokenOfOwnerByIndex
FNDA:12,Nifty.tokenOfOwnerByIndex
DA:153,12
BRDA:153,9,0,1
BRDA:153,9,1,11
DA:154,11
BRDA:154,10,0,1
BRDA:154,10,1,10
DA:156,10
DA:159,102
FN:159,Nifty.tryReceive
FNDA:102,Nifty.tryReceive
DA:160,102
BRDA:160,11,0,7
DA:161,7
BRDA:161,12,0,7
DA:162,3
BRDA:162,13,0,2
BRDA:162,13,1,1
DA:163,4
BRDA:163,12,1,4
DA:164,4
BRDA:164,14,0,1
BRDA:164,14,1,3
DA:166,1
DA:169,3
FNF:17
FNH:16
LF:86
LH:85
BRF:29
BRH:29
end_of_record
TN:
SF:test/FailingReceiver.sol
DA:9,1
FN:9,FailingReceiver.onERC721Received
FNDA:1,FailingReceiver.onERC721Received
DA:10,1
FNF:1
FNH:1
LF:2
LH:2
BRF:0
BRH:0
end_of_record
TN:
SF:test/NonCompliantReceiver.sol
DA:9,2
FN:9,NonCompliantReceiver.onERC721Received
FNDA:2,NonCompliantReceiver.onERC721Received
DA:10,2
FNF:1
FNH:1
LF:2
LH:2
BRF:0
BRH:0
end_of_record
TN:
SF:test/ValidReceiver.sol
DA:9,1
FN:9,ValidReceiver.onERC721Received
FNDA:1,ValidReceiver.onERC721Received
DA:14,1
DA:16,1
FNF:1
FNH:1
LF:3
LH:3
BRF:0
BRH:0
end_of_record
